{
    "numFailedTestSuites": 1,
    "numFailedTests": 1,
    "numPassedTestSuites": 0,
    "numPassedTests": 0,
    "numPendingTestSuites": 0,
    "numPendingTests": 0,
    "numRuntimeErrorTestSuites": 0,
    "numTodoTests": 0,
    "numTotalTestSuites": 1,
    "numTotalTests": 1,
    "openHandles": [],
    "snapshot": {
        "added": 0,
        "didUpdate": false,
        "failure": false,
        "filesAdded": 0,
        "filesRemoved": 0,
        "filesRemovedList": [],
        "filesUnmatched": 0,
        "filesUpdated": 0,
        "matched": 0,
        "total": 0,
        "unchecked": 0,
        "uncheckedKeysByFile": [],
        "unmatched": 0,
        "updated": 0
    },
    "startTime": 1743878537511,
    "success": false,
    "testResults": [
        {
            "assertionResults": [
                {
                    "ancestorTitles": [
                        "Express App Tests"
                    ],
                    "duration": 27,
                    "failureDetails": [
                        {
                            "matcherResult": {
                                "actual": "Server is running!!!",
                                "expected": "Server is running!",
                                "message": "\u001b[2mexpect(\u001b[22m\u001b[31mreceived\u001b[39m\u001b[2m).\u001b[22mtoBe\u001b[2m(\u001b[22m\u001b[32mexpected\u001b[39m\u001b[2m) // Object.is equality\u001b[22m\n\nExpected: \u001b[32m\"Server is running!\"\u001b[39m\nReceived: \u001b[31m\"Server is running!\u001b[7m!!\u001b[27m\"\u001b[39m",
                                "name": "toBe",
                                "pass": false
                            }
                        }
                    ],
                    "failureMessages": [
                        "Error: \u001b[2mexpect(\u001b[22m\u001b[31mreceived\u001b[39m\u001b[2m).\u001b[22mtoBe\u001b[2m(\u001b[22m\u001b[32mexpected\u001b[39m\u001b[2m) // Object.is equality\u001b[22m\n\nExpected: \u001b[32m\"Server is running!\"\u001b[39m\nReceived: \u001b[31m\"Server is running!\u001b[7m!!\u001b[27m\"\u001b[39m\n    at toBe (C:\\Users\\ASUS\\Documents\\devops-session7\\backend-api\\__tests__\\server.test.js:8:22)\n    at call (C:\\Users\\ASUS\\Documents\\devops-session7\\backend-api\\__tests__\\server.test.js:2:1)\n    at Generator.tryCatch (C:\\Users\\ASUS\\Documents\\devops-session7\\backend-api\\__tests__\\server.test.js:2:1)\n    at Generator._invoke [as next] (C:\\Users\\ASUS\\Documents\\devops-session7\\backend-api\\__tests__\\server.test.js:2:1)\n    at asyncGeneratorStep (C:\\Users\\ASUS\\Documents\\devops-session7\\backend-api\\__tests__\\server.test.js:2:1)\n    at asyncGeneratorStep (C:\\Users\\ASUS\\Documents\\devops-session7\\backend-api\\__tests__\\server.test.js:2:1)\n    at processTicksAndRejections (node:internal/process/task_queues:95:5)"
                    ],
                    "fullName": "Express App Tests should return 200 OK on GET /",
                    "invocations": 1,
                    "location": null,
                    "numPassingAsserts": 1,
                    "retryReasons": [],
                    "status": "failed",
                    "title": "should return 200 OK on GET /"
                }
            ],
            "endTime": 1743878539715,
            "message": "\u001b[1m\u001b[31m  \u001b[1m● \u001b[22m\u001b[1mExpress App Tests › should return 200 OK on GET /\u001b[39m\u001b[22m\n\n    \u001b[2mexpect(\u001b[22m\u001b[31mreceived\u001b[39m\u001b[2m).\u001b[22mtoBe\u001b[2m(\u001b[22m\u001b[32mexpected\u001b[39m\u001b[2m) // Object.is equality\u001b[22m\n\n    Expected: \u001b[32m\"Server is running!\"\u001b[39m\n    Received: \u001b[31m\"Server is running!\u001b[7m!!\u001b[27m\"\u001b[39m\n\u001b[2m\u001b[22m\n\u001b[2m    \u001b[0m \u001b[90m  6 |\u001b[39m     \u001b[36mconst\u001b[39m res \u001b[33m=\u001b[39m \u001b[36mawait\u001b[39m request(app)\u001b[33m.\u001b[39m\u001b[36mget\u001b[39m(\u001b[32m\"/\"\u001b[39m)\u001b[33m;\u001b[39m\u001b[22m\n\u001b[2m     \u001b[90m  7 |\u001b[39m     expect(res\u001b[33m.\u001b[39mstatus)\u001b[33m.\u001b[39mtoBe(\u001b[35m200\u001b[39m)\u001b[33m;\u001b[39m\u001b[22m\n\u001b[2m    \u001b[31m\u001b[1m>\u001b[22m\u001b[2m\u001b[39m\u001b[90m  8 |\u001b[39m     expect(res\u001b[33m.\u001b[39mtext)\u001b[33m.\u001b[39mtoBe(\u001b[32m\"Server is running!\"\u001b[39m)\u001b[33m;\u001b[39m\u001b[22m\n\u001b[2m     \u001b[90m    |\u001b[39m                      \u001b[31m\u001b[1m^\u001b[22m\u001b[2m\u001b[39m\u001b[22m\n\u001b[2m     \u001b[90m  9 |\u001b[39m   })\u001b[33m;\u001b[39m\u001b[22m\n\u001b[2m     \u001b[90m 10 |\u001b[39m })\u001b[33m;\u001b[39m\u001b[22m\n\u001b[2m     \u001b[90m 11 |\u001b[39m\u001b[0m\u001b[22m\n\u001b[2m\u001b[22m\n\u001b[2m      \u001b[2mat toBe (\u001b[22m\u001b[2m\u001b[0m\u001b[36m__tests__/server.test.js\u001b[39m\u001b[0m\u001b[2m:8:22)\u001b[22m\u001b[2m\u001b[22m\n\u001b[2m      \u001b[2mat call (\u001b[22m\u001b[2m\u001b[0m\u001b[36m__tests__/server.test.js\u001b[39m\u001b[0m\u001b[2m:2:1)\u001b[22m\u001b[2m\u001b[22m\n\u001b[2m      \u001b[2mat Generator.tryCatch (\u001b[22m\u001b[2m\u001b[0m\u001b[36m__tests__/server.test.js\u001b[39m\u001b[0m\u001b[2m:2:1)\u001b[22m\u001b[2m\u001b[22m\n\u001b[2m      \u001b[2mat Generator._invoke [as next] (\u001b[22m\u001b[2m\u001b[0m\u001b[36m__tests__/server.test.js\u001b[39m\u001b[0m\u001b[2m:2:1)\u001b[22m\u001b[2m\u001b[22m\n\u001b[2m      \u001b[2mat asyncGeneratorStep (\u001b[22m\u001b[2m\u001b[0m\u001b[36m__tests__/server.test.js\u001b[39m\u001b[0m\u001b[2m:2:1)\u001b[22m\u001b[2m\u001b[22m\n\u001b[2m      \u001b[2mat asyncGeneratorStep (\u001b[22m\u001b[2m\u001b[0m\u001b[36m__tests__/server.test.js\u001b[39m\u001b[0m\u001b[2m:2:1)\u001b[22m\u001b[2m\u001b[22m\n",
            "name": "C:\\Users\\ASUS\\Documents\\devops-session7\\backend-api\\__tests__\\server.test.js",
            "startTime": 1743878537597,
            "status": "failed",
            "summary": ""
        }
    ],
    "wasInterrupted": false
}